   15.254696509320459     
   14.977273434339009     
   14.717918140043496     
   14.493724431162386     
   14.431655129929819     
   14.333889547468479     
   14.216482019952229     
   14.290280910694761     
   14.427828105274756     
   14.521856631017824     
   14.625940250502104     
   14.759379293321915     
   14.599695803835749     
   14.377877274915955     
   14.370090437808136     
   14.453839121854017     
   14.468474477315938     
   14.457452464416654     
   14.499892394466997     
   14.861051402386540     
