           0  -10.197395981463441     
           0  -11.050803551983917     
           0  -12.207516747272212     
           0  -13.612225344989653     
           0  -14.985374101378548     
           0  -15.795391483632956     
           0  -16.470157742172191     
           0  -16.542479110913472     
           0  -16.367408527891659     
           0  -16.485374294967340     
           0  -16.311472297592566     
           0  -16.476952785734071     
           0  -16.417894319423841     
           0  -16.468809920240009     
           0  -16.391503070778487     
           0  -16.426076695433256     
           0  -16.421159641922966     
           0  -16.421537538130650     
           0  -16.410266175158675     
           0  -16.433017390795751     
           0  -16.462739873173565     
           0  -16.478461255420601     
           0  -16.486911819950485     
           0  -16.489550554087888     
           0  -16.488324205919433     
           0  -16.490341273632634     
           0  -16.487938540287978     
           0  -16.491141927875553     
           0  -16.488776608343585     
           0  -16.489923181961895     
           0  -16.489603141558955     
           0  -16.490763358287143     
           0  -16.488991241901321     
           0  -16.491620062229888     
           0  -16.489165844248728     
           0  -16.490815701286142     
           0  -16.490067131662094     
           0  -16.491592511857128     
           0  -16.489510025644453     
           0  -16.491350610071308     
           0  -10.197395981463441     
           0  -11.050803551983917     
           0  -12.207516747272212     
           0  -13.612225344989653     
           0  -14.985374101378548     
           0  -15.795391483632956     
           0  -16.470157742172191     
           0  -16.542479110913472     
           0  -16.367408527891659     
           0  -16.485374294967340     
           0  -16.311472297592566     
           0  -16.476952785734071     
           0  -16.417894319423841     
           0  -16.468809920240009     
           0  -16.391503070778487     
           0  -16.426076695433256     
           0  -16.421159641922966     
           0  -16.421537538130650     
           0  -16.410266175158675     
           0  -16.433017390795751     
           0  -16.462739873173565     
           0  -16.478461255420601     
           0  -16.486911819950485     
           0  -16.489550554087888     
           0  -16.488324205919433     
           0  -16.490341273632634     
           0  -16.487938540287978     
           0  -16.491141927875553     
           0  -16.488776608343585     
           0  -16.489923181961895     
           0  -16.489603141558955     
           0  -16.490763358287143     
           0  -16.488991241901321     
           0  -16.491620062229888     
           0  -16.489165844248728     
           0  -16.490815701286142     
           0  -16.490067131662094     
           0  -16.491592511857128     
           0  -16.489510025644453     
           0  -16.491350610071308     
           0  -10.197395981463441     
           0  -11.050803551983917     
           0  -12.207516747272212     
           0  -13.612225344989653     
           0  -14.985374101378548     
           0  -15.795391483632956     
           0  -16.470157742172191     
           0  -16.542479110913472     
           0  -16.367408527891659     
           0  -16.485374294967340     
           0  -16.311472297592566     
           0  -16.476952785734071     
           0  -16.417894319423841     
           0  -16.468809920240009     
           0  -16.391503070778487     
           0  -16.426076695433256     
           0  -16.421159641922966     
           0  -16.421537538130650     
           0  -16.410266175158675     
           0  -16.433017390795751     
           0  -16.462739873173565     
           0  -16.478461255420601     
           0  -16.486911819950485     
           0  -16.489550554087888     
           0  -16.488324205919433     
           0  -16.490341273632634     
           0  -16.487938540287978     
           0  -16.491141927875553     
           0  -16.488776608343585     
           0  -16.489923181961895     
           0  -16.489603141558955     
           0  -16.490763358287143     
           0  -16.488991241901321     
           0  -16.491620062229888     
           0  -16.489165844248728     
           0  -16.490815701286142     
           0  -16.490067131662094     
           0  -16.491592511857128     
           0  -16.489510025644453     
           0  -16.491350610071308     
           0  -10.197395981463441     
           0  -11.050803551983917     
           0  -12.207516747272212     
           0  -13.612225344989653     
           0  -14.985374101378548     
           0  -15.795391483632956     
           0  -16.470157742172191     
           0  -16.542479110913472     
           0  -16.367408527891659     
           0  -16.485374294967340     
           0  -16.311472297592566     
           0  -16.476952785734071     
           0  -16.417894319423841     
           0  -16.468809920240009     
           0  -16.391503070778487     
           0  -16.426076695433256     
           0  -16.421159641922966     
           0  -16.421537538130650     
           0  -16.410266175158675     
           0  -16.433017390795751     
           0  -16.462739873173565     
           0  -16.478461255420601     
           0  -16.486911819950485     
           0  -16.489550554087888     
           0  -16.488324205919433     
           0  -16.490341273632634     
           0  -16.487938540287978     
           0  -16.491141927875553     
           0  -16.488776608343585     
           0  -16.489923181961895     
           0  -16.489603141558955     
           0  -16.490763358287143     
           0  -16.488991241901321     
           0  -16.491620062229888     
           0  -16.489165844248728     
           0  -16.490815701286142     
           0  -16.490067131662094     
           0  -16.491592511857128     
           0  -16.489510025644453     
           0  -16.491350610071308     
           0  -10.197395981463441     
           0  -11.050803551983917     
           0  -12.207516747272212     
           0  -13.612225344989653     
           0  -14.985374101378548     
           0  -15.795391483632956     
           0  -16.470157742172191     
           0  -16.542479110913472     
           0  -16.367408527891659     
           0  -16.485374294967340     
           0  -16.311472297592566     
           0  -16.476952785734071     
           0  -16.417894319423841     
           0  -16.468809920240009     
           0  -16.391503070778487     
           0  -16.426076695433256     
           0  -16.421159641922966     
           0  -16.421537538130650     
           0  -16.410266175158675     
           0  -16.433017390795751     
           0  -16.462739873173565     
           0  -16.478461255420601     
           0  -16.486911819950485     
           0  -16.489550554087888     
           0  -16.488324205919433     
           0  -16.490341273632634     
           0  -16.487938540287978     
           0  -16.491141927875553     
           0  -16.488776608343585     
           0  -16.489923181961895     
           0  -16.489603141558955     
           0  -16.490763358287143     
           0  -16.488991241901321     
           0  -16.491620062229888     
           0  -16.489165844248728     
           0  -16.490815701286142     
           0  -16.490067131662094     
           0  -16.491592511857128     
           0  -16.489510025644453     
           0  -16.491350610071308     
           0  -10.197395981463441     
           0  -11.050803551983917     
           0  -12.207516747272212     
           0  -13.612225344989653     
           0  -14.985374101378548     
           0  -15.795391483632956     
           0  -16.470157742172191     
           0  -16.542479110913472     
           0  -16.367408527891659     
           0  -16.485374294967340     
           0  -16.311472297592566     
           0  -16.476952785734071     
           0  -16.417894319423841     
           0  -16.468809920240009     
           0  -16.391503070778487     
           0  -16.426076695433256     
           0  -16.421159641922966     
           0  -16.421537538130650     
           0  -16.410266175158675     
           0  -16.433017390795751     
           0  -16.462739873173565     
           0  -16.478461255420601     
           0  -16.486911819950485     
           0  -16.489550554087888     
           0  -16.488324205919433     
           0  -16.490341273632634     
           0  -16.487938540287978     
           0  -16.491141927875553     
           0  -16.488776608343585     
           0  -16.489923181961895     
           0  -16.489603141558955     
           0  -16.490763358287143     
           0  -16.488991241901321     
           0  -16.491620062229888     
           0  -16.489165844248728     
           0  -16.490815701286142     
           0  -16.490067131662094     
           0  -16.491592511857128     
           0  -16.489510025644453     
           0  -16.491350610071308     
           0  -10.197395981463441     
           0  -11.050803551983917     
           0  -12.207516747272212     
           0  -13.612225344989653     
           0  -14.985374101378548     
           0  -15.795391483632956     
           0  -16.470157742172191     
           0  -16.542479110913472     
           0  -16.367408527891659     
           0  -16.485374294967340     
           0  -16.311472297592566     
           0  -16.476952785734071     
           0  -16.417894319423841     
           0  -16.468809920240009     
           0  -16.391503070778487     
           0  -16.426076695433256     
           0  -16.421159641922966     
           0  -16.421537538130650     
           0  -16.410266175158675     
           0  -16.433017390795751     
           0  -16.462739873173565     
           0  -16.478461255420601     
           0  -16.486911819950485     
           0  -16.489550554087888     
           0  -16.488324205919433     
           0  -16.490341273632634     
           0  -16.487938540287978     
           0  -16.491141927875553     
           0  -16.488776608343585     
           0  -16.489923181961895     
           0  -16.489603141558955     
           0  -16.490763358287143     
           0  -16.488991241901321     
           0  -16.491620062229888     
           0  -16.489165844248728     
           0  -16.490815701286142     
           0  -16.490067131662094     
           0  -16.491592511857128     
           0  -16.489510025644453     
           0  -16.491350610071308     
           0   0.0000000000000000     
           0   0.0000000000000000     
           0   0.0000000000000000     
           0   0.0000000000000000     
           0   0.0000000000000000     
           0   0.0000000000000000     
           0   0.0000000000000000     
           0   0.0000000000000000     
           0   0.0000000000000000     
           0   0.0000000000000000     
           0   0.0000000000000000     
           0   0.0000000000000000     
           0   0.0000000000000000     
           0   0.0000000000000000     
           0   0.0000000000000000     
           0   0.0000000000000000     
           0   0.0000000000000000     
           0   0.0000000000000000     
           0   0.0000000000000000     
           0   0.0000000000000000     
           0   0.0000000000000000     
           0   0.0000000000000000     
           0   0.0000000000000000     
           0   0.0000000000000000     
           0   0.0000000000000000     
           0   0.0000000000000000     
           0   0.0000000000000000     
           0   0.0000000000000000     
           0   0.0000000000000000     
           0   0.0000000000000000     
           0   0.0000000000000000     
           0   0.0000000000000000     
           0   0.0000000000000000     
           0   0.0000000000000000     
           0   0.0000000000000000     
           0   0.0000000000000000     
           0   0.0000000000000000     
           0   0.0000000000000000     
           0   0.0000000000000000     
           0   0.0000000000000000     
           0   0.0000000000000000     
           0   0.0000000000000000     
           0   0.0000000000000000     
           0   0.0000000000000000     
           0   0.0000000000000000     
           0   0.0000000000000000     
           0   0.0000000000000000     
           0   0.0000000000000000     
           0   0.0000000000000000     
           0   0.0000000000000000     
           0   0.0000000000000000     
           0   0.0000000000000000     
           0   0.0000000000000000     
           0   0.0000000000000000     
           0   0.0000000000000000     
           0   0.0000000000000000     
           0   0.0000000000000000     
           0   0.0000000000000000     
           0   0.0000000000000000     
           0   0.0000000000000000     
           0   0.0000000000000000     
           0   0.0000000000000000     
           0   0.0000000000000000     
           0   0.0000000000000000     
           0   0.0000000000000000     
           0   0.0000000000000000     
           0   0.0000000000000000     
           0   0.0000000000000000     
           0   0.0000000000000000     
           0   0.0000000000000000     
           0   0.0000000000000000     
           0   0.0000000000000000     
           0   0.0000000000000000     
           0   0.0000000000000000     
           0   0.0000000000000000     
           0   0.0000000000000000     
           0   0.0000000000000000     
           0   0.0000000000000000     
           0   0.0000000000000000     
           0   0.0000000000000000     
           0   0.0000000000000000     
           0   0.0000000000000000     
           0   0.0000000000000000     
           0   0.0000000000000000     
           0   0.0000000000000000     
           0   0.0000000000000000     
           0   0.0000000000000000     
           0   0.0000000000000000     
           0   0.0000000000000000     
           0   0.0000000000000000     
           0   0.0000000000000000     
           0   0.0000000000000000     
           0   0.0000000000000000     
           0   0.0000000000000000     
           0   0.0000000000000000     
           0   0.0000000000000000     
           0   0.0000000000000000     
           0   0.0000000000000000     
           0   0.0000000000000000     
           0   0.0000000000000000     
           0   0.0000000000000000     
           0   0.0000000000000000     
           0   0.0000000000000000     
           0   0.0000000000000000     
           0   0.0000000000000000     
           0   0.0000000000000000     
           0   0.0000000000000000     
           0   0.0000000000000000     
           0   0.0000000000000000     
           0   0.0000000000000000     
           0   0.0000000000000000     
           0   0.0000000000000000     
           0   0.0000000000000000     
           0   0.0000000000000000     
           0   0.0000000000000000     
           0   0.0000000000000000     
           0   0.0000000000000000     
           0   0.0000000000000000     
           0   0.0000000000000000     
           0   0.0000000000000000     
           0   0.0000000000000000     
           0   0.0000000000000000     
           0   0.0000000000000000     
           0   0.0000000000000000     
           0   0.0000000000000000     
           0   0.0000000000000000     
           0   0.0000000000000000     
           0   0.0000000000000000     
           0   0.0000000000000000     
           0   0.0000000000000000     
           0   0.0000000000000000     
           0   0.0000000000000000     
           0   0.0000000000000000     
           0   0.0000000000000000     
           0   0.0000000000000000     
           0   0.0000000000000000     
           0   0.0000000000000000     
           0   0.0000000000000000     
           0   0.0000000000000000     
           0   0.0000000000000000     
           0   0.0000000000000000     
           0   0.0000000000000000     
           0   0.0000000000000000     
           0   0.0000000000000000     
           0   0.0000000000000000     
           0   0.0000000000000000     
           0   0.0000000000000000     
           0   0.0000000000000000     
           0   0.0000000000000000     
           0   0.0000000000000000     
           0   0.0000000000000000     
           0   0.0000000000000000     
           0   0.0000000000000000     
           0   0.0000000000000000     
           0   0.0000000000000000     
           0   0.0000000000000000     
           0   0.0000000000000000     
           0   0.0000000000000000     
           0   0.0000000000000000     
           0   0.0000000000000000     
           0   0.0000000000000000     
           0   0.0000000000000000     
           0   0.0000000000000000     
           0   0.0000000000000000     
           0   0.0000000000000000     
           0   0.0000000000000000     
           0   0.0000000000000000     
           0   0.0000000000000000     
           0   0.0000000000000000     
           0   0.0000000000000000     
           0   0.0000000000000000     
           0   0.0000000000000000     
           0   0.0000000000000000     
           0   0.0000000000000000     
           0   0.0000000000000000     
           0   0.0000000000000000     
           0   0.0000000000000000     
           0   0.0000000000000000     
           0   0.0000000000000000     
           0   0.0000000000000000     
           0   0.0000000000000000     
           0   0.0000000000000000     
           0   0.0000000000000000     
           0   0.0000000000000000     
           0   0.0000000000000000     
           0   0.0000000000000000     
           0   0.0000000000000000     
           0   0.0000000000000000     
           0   0.0000000000000000     
           0   0.0000000000000000     
           0   0.0000000000000000     
           0   0.0000000000000000     
           0   0.0000000000000000     
           0   0.0000000000000000     
           0   0.0000000000000000     
           0   0.0000000000000000     
           0   0.0000000000000000     
           0   0.0000000000000000     
           0   0.0000000000000000     
           0   0.0000000000000000     
           0   0.0000000000000000     
           0   0.0000000000000000     
           0   0.0000000000000000     
           0   0.0000000000000000     
           0   0.0000000000000000     
           0   0.0000000000000000     
           0   0.0000000000000000     
           0   0.0000000000000000     
           0   0.0000000000000000     
           0   0.0000000000000000     
           0   0.0000000000000000     
           0   0.0000000000000000     
           0   0.0000000000000000     
           0   0.0000000000000000     
           0   0.0000000000000000     
           0   0.0000000000000000     
           0   0.0000000000000000     
           0   0.0000000000000000     
           0   0.0000000000000000     
           0   0.0000000000000000     
           0   0.0000000000000000     
           0   0.0000000000000000     
           0   0.0000000000000000     
           0   0.0000000000000000     
           0   0.0000000000000000     
           0   0.0000000000000000     
           0   0.0000000000000000     
           0   0.0000000000000000     
           0   0.0000000000000000     
           0   0.0000000000000000     
           0   0.0000000000000000     
           0   0.0000000000000000     
           0   0.0000000000000000     
           0   0.0000000000000000     
           0   0.0000000000000000     
           0   0.0000000000000000     
           0   0.0000000000000000     
           0   0.0000000000000000     
           0   0.0000000000000000     
           0   0.0000000000000000     
           0   0.0000000000000000     
           0   0.0000000000000000     
           0   0.0000000000000000     
           0   0.0000000000000000     
           0   0.0000000000000000     
           0   0.0000000000000000     
           0   0.0000000000000000     
           0   0.0000000000000000     
           0   0.0000000000000000     
           0   0.0000000000000000     
           0   0.0000000000000000     
           0   0.0000000000000000     
           0   0.0000000000000000     
           0   0.0000000000000000     
           0   0.0000000000000000     
           0   0.0000000000000000     
           0   0.0000000000000000     
           0   0.0000000000000000     
           0   0.0000000000000000     
           0   0.0000000000000000     
           0   0.0000000000000000     
           0   0.0000000000000000     
           0   0.0000000000000000     
           0   0.0000000000000000     
           0   0.0000000000000000     
           0   0.0000000000000000     
           0   0.0000000000000000     
           0   0.0000000000000000     
           0   0.0000000000000000     
           0   0.0000000000000000     
           0   0.0000000000000000     
           0   0.0000000000000000     
           0   0.0000000000000000     
           0   0.0000000000000000     
           0   0.0000000000000000     
           0   0.0000000000000000     
           0   0.0000000000000000     
           0   0.0000000000000000     
           0   0.0000000000000000     
           0   0.0000000000000000     
           0   0.0000000000000000     
           0   0.0000000000000000     
           0   0.0000000000000000     
           0   0.0000000000000000     
           0   0.0000000000000000     
           0   0.0000000000000000     
           0   0.0000000000000000     
           0   0.0000000000000000     
           0   0.0000000000000000     
           0   0.0000000000000000     
           0   0.0000000000000000     
           0   0.0000000000000000     
           0   0.0000000000000000     
           0   0.0000000000000000     
           0   0.0000000000000000     
           0   0.0000000000000000     
           0   0.0000000000000000     
           0   0.0000000000000000     
           0   0.0000000000000000     
           0   0.0000000000000000     
           0   0.0000000000000000     
           0   0.0000000000000000     
           0   0.0000000000000000     
           0   0.0000000000000000     
           0   0.0000000000000000     
           0   0.0000000000000000     
           0   0.0000000000000000     
           0   0.0000000000000000     
           0   0.0000000000000000     
           0   0.0000000000000000     
           0   0.0000000000000000     
           0   0.0000000000000000     
           0   0.0000000000000000     
           0   0.0000000000000000     
           0   0.0000000000000000     
           0   0.0000000000000000     
           0   0.0000000000000000     
           0   0.0000000000000000     
           0   0.0000000000000000     
           0   0.0000000000000000     
           0   0.0000000000000000     
           0   0.0000000000000000     
           0   0.0000000000000000     
           0   0.0000000000000000     
           0   0.0000000000000000     
           0   0.0000000000000000     
           0   0.0000000000000000     
           0   0.0000000000000000     
           0   0.0000000000000000     
           0   0.0000000000000000     
           0   0.0000000000000000     
           0   0.0000000000000000     
           0   0.0000000000000000     
           0   0.0000000000000000     
           0   0.0000000000000000     
           0   0.0000000000000000     
           0   0.0000000000000000     
           0   0.0000000000000000     
           0   0.0000000000000000     
           0   0.0000000000000000     
           0   0.0000000000000000     
           0   0.0000000000000000     
           0   0.0000000000000000     
           0   0.0000000000000000     
           0   0.0000000000000000     
           0   0.0000000000000000     
           0   0.0000000000000000     
           0   0.0000000000000000     
           0   0.0000000000000000     
           0   0.0000000000000000     
           0   0.0000000000000000     
           0   0.0000000000000000     
           0   0.0000000000000000     
           0   0.0000000000000000     
           0   0.0000000000000000     
           0   0.0000000000000000     
           0   0.0000000000000000     
           0   0.0000000000000000     
           0   0.0000000000000000     
           0   0.0000000000000000     
           0   0.0000000000000000     
           0   0.0000000000000000     
           0   0.0000000000000000     
           0   0.0000000000000000     
           0   0.0000000000000000     
           0   0.0000000000000000     
           0   0.0000000000000000     
           0   0.0000000000000000     
           0   0.0000000000000000     
           0   0.0000000000000000     
           0   0.0000000000000000     
           0   0.0000000000000000     
           0   0.0000000000000000     
           0   0.0000000000000000     
           0   0.0000000000000000     
           0   0.0000000000000000     
           0   0.0000000000000000     
           0   0.0000000000000000     
           0   0.0000000000000000     
           0   0.0000000000000000     
           0   0.0000000000000000     
           0   0.0000000000000000     
           0   0.0000000000000000     
           0   0.0000000000000000     
           0   0.0000000000000000     
           0   0.0000000000000000     
           0   0.0000000000000000     
           0   0.0000000000000000     
           0   0.0000000000000000     
           0   0.0000000000000000     
           0   0.0000000000000000     
           0   0.0000000000000000     
           0   0.0000000000000000     
           0   0.0000000000000000     
           0   0.0000000000000000     
           0   0.0000000000000000     
           0   0.0000000000000000     
           0   0.0000000000000000     
           0   0.0000000000000000     
           0   0.0000000000000000     
           0   0.0000000000000000     
           0   0.0000000000000000     
           0   0.0000000000000000     
           0   0.0000000000000000     
           0   0.0000000000000000     
           0   0.0000000000000000     
           0   0.0000000000000000     
           0   0.0000000000000000     
           0   0.0000000000000000     
           0   0.0000000000000000     
           0   0.0000000000000000     
           0   0.0000000000000000     
           0   0.0000000000000000     
           0   0.0000000000000000     
           0   0.0000000000000000     
           0   0.0000000000000000     
           0   0.0000000000000000     
           0   0.0000000000000000     
           0   0.0000000000000000     
           0   0.0000000000000000     
           0   0.0000000000000000     
           0   0.0000000000000000     
           0   0.0000000000000000     
           0   0.0000000000000000     
           0   0.0000000000000000     
           0   0.0000000000000000     
           0   0.0000000000000000     
           0   0.0000000000000000     
           0   0.0000000000000000     
           0   0.0000000000000000     
           0   0.0000000000000000     
           0   0.0000000000000000     
           0   0.0000000000000000     
           0   0.0000000000000000     
           0   0.0000000000000000     
           0   0.0000000000000000     
           0   0.0000000000000000     
           0   0.0000000000000000     
           0   0.0000000000000000     
           0   0.0000000000000000     
           0   0.0000000000000000     
           0   0.0000000000000000     
           0   0.0000000000000000     
           0   0.0000000000000000     
           0   0.0000000000000000     
           0   0.0000000000000000     
           0   0.0000000000000000     
           0   0.0000000000000000     
           0   0.0000000000000000     
           0   0.0000000000000000     
           0   0.0000000000000000     
           0   0.0000000000000000     
           0   0.0000000000000000     
           0   0.0000000000000000     
           0   0.0000000000000000     
           0   0.0000000000000000     
           0   0.0000000000000000     
           0   0.0000000000000000     
           0   0.0000000000000000     
           0   0.0000000000000000     
           0   0.0000000000000000     
           0   0.0000000000000000     
           0   0.0000000000000000     
           0   0.0000000000000000     
           0   0.0000000000000000     
           0   0.0000000000000000     
           0   0.0000000000000000     
           0   0.0000000000000000     
           0   0.0000000000000000     
           0   0.0000000000000000     
           0   0.0000000000000000     
           0   0.0000000000000000     
           0   0.0000000000000000     
           0   0.0000000000000000     
           0   0.0000000000000000     
           0   0.0000000000000000     
           0   0.0000000000000000     
           0   0.0000000000000000     
           0   0.0000000000000000     
           0   0.0000000000000000     
           0   0.0000000000000000     
           0   0.0000000000000000     
           0   0.0000000000000000     
           0   0.0000000000000000     
           0   0.0000000000000000     
           0   0.0000000000000000     
           0   0.0000000000000000     
           0   0.0000000000000000     
           0   0.0000000000000000     
           0   0.0000000000000000     
           0   0.0000000000000000     
           0   0.0000000000000000     
           0   0.0000000000000000     
           0   0.0000000000000000     
           0   0.0000000000000000     
           0   0.0000000000000000     
           0   0.0000000000000000     
           0   0.0000000000000000     
           0   0.0000000000000000     
           0   0.0000000000000000     
           0   0.0000000000000000     
           0   0.0000000000000000     
           0   0.0000000000000000     
           0   0.0000000000000000     
           0   0.0000000000000000     
           0   0.0000000000000000     
           0   0.0000000000000000     
           0   0.0000000000000000     
           0   0.0000000000000000     
           0   0.0000000000000000     
           0   0.0000000000000000     
           0   0.0000000000000000     
           0   0.0000000000000000     
           0   0.0000000000000000     
           0   0.0000000000000000     
           0   0.0000000000000000     
           0   0.0000000000000000     
           0   0.0000000000000000     
           0   0.0000000000000000     
           0   0.0000000000000000     
           0   0.0000000000000000     
           0   0.0000000000000000     
           0   0.0000000000000000     
           0   0.0000000000000000     
           0   0.0000000000000000     
           0   0.0000000000000000     
           0   0.0000000000000000     
           0   0.0000000000000000     
           0   0.0000000000000000     
           0   0.0000000000000000     
           0   0.0000000000000000     
           0   0.0000000000000000     
           0   0.0000000000000000     
           0   0.0000000000000000     
           0   0.0000000000000000     
           0   0.0000000000000000     
           0   0.0000000000000000     
           0   0.0000000000000000     
           0   0.0000000000000000     
           0   0.0000000000000000     
           0   0.0000000000000000     
           0   0.0000000000000000     
           0   0.0000000000000000     
           0   0.0000000000000000     
           0   0.0000000000000000     
           0   0.0000000000000000     
           0   0.0000000000000000     
           0   0.0000000000000000     
           0   0.0000000000000000     
           0   0.0000000000000000     
           0   0.0000000000000000     
           0   0.0000000000000000     
           0   0.0000000000000000     
           0   0.0000000000000000     
           0   0.0000000000000000     
           0   0.0000000000000000     
           0   0.0000000000000000     
           0   0.0000000000000000     
           0   0.0000000000000000     
           0   0.0000000000000000     
           0   0.0000000000000000     
           0   0.0000000000000000     
           0   0.0000000000000000     
           0   0.0000000000000000     
           0   0.0000000000000000     
           0   0.0000000000000000     
           0   0.0000000000000000     
           0   0.0000000000000000     
           0   0.0000000000000000     
           0   0.0000000000000000     
           0   0.0000000000000000     
           0   0.0000000000000000     
           0   0.0000000000000000     
           0   0.0000000000000000     
           0   0.0000000000000000     
           0   0.0000000000000000     
           0   0.0000000000000000     
           0   0.0000000000000000     
           0   0.0000000000000000     
           0   0.0000000000000000     
           0   0.0000000000000000     
           0   0.0000000000000000     
           0   0.0000000000000000     
           0   0.0000000000000000     
           0   0.0000000000000000     
           0   0.0000000000000000     
           0   0.0000000000000000     
           0   0.0000000000000000     
           0   0.0000000000000000     
           0   0.0000000000000000     
           0   0.0000000000000000     
           0   0.0000000000000000     
           0   0.0000000000000000     
           0   0.0000000000000000     
           0   0.0000000000000000     
           0   0.0000000000000000     
           0   0.0000000000000000     
           0   0.0000000000000000     
           0   0.0000000000000000     
           0   0.0000000000000000     
           0   0.0000000000000000     
           0   0.0000000000000000     
           0   0.0000000000000000     
           0   0.0000000000000000     
           0   0.0000000000000000     
           0   0.0000000000000000     
           0   0.0000000000000000     
           0   0.0000000000000000     
           0   0.0000000000000000     
           0   0.0000000000000000     
           0   0.0000000000000000     
           0   0.0000000000000000     
           0   0.0000000000000000     
           0   0.0000000000000000     
           0   0.0000000000000000     
           0   0.0000000000000000     
           0   0.0000000000000000     
           0   0.0000000000000000     
           0   0.0000000000000000     
           0   0.0000000000000000     
           0   0.0000000000000000     
           0   0.0000000000000000     
           0   0.0000000000000000     
           0  0.21612417605780870     
           0  0.21284791071769732     
           0  0.21612417605780870     
           0  0.21612417605780870     
           0  0.21612417605780870     
           0  0.21612417605780870     
           0  0.21612417605780870     
           0  0.21612417605780870     
           0  0.21612417605780870     
           0   0.0000000000000000     
           0   0.0000000000000000     
           0   0.0000000000000000     
           0   0.0000000000000000     
           0   0.0000000000000000     
           0   0.0000000000000000     
           0   0.0000000000000000     
           0   0.0000000000000000     
           0   0.0000000000000000     
           0   0.0000000000000000     
           0   0.0000000000000000     
           0   0.0000000000000000     
           0   0.0000000000000000     
           0   0.0000000000000000     
           0   0.0000000000000000     
           0   0.0000000000000000     
           0   0.0000000000000000     
           0   0.0000000000000000     
           0   0.0000000000000000     
           0   0.0000000000000000     
           0   0.0000000000000000     
           0   0.0000000000000000     
           0   0.0000000000000000     
           0   0.0000000000000000     
           0   0.0000000000000000     
           0   0.0000000000000000     
           0   0.0000000000000000     
           0   0.0000000000000000     
           0   0.0000000000000000     
           0   0.0000000000000000     
           0   0.0000000000000000     
           0   0.0000000000000000     
           0   0.0000000000000000     
           0   0.0000000000000000     
           0   0.0000000000000000     
           0   0.0000000000000000     
           0   0.0000000000000000     
           0   0.0000000000000000     
           0   0.0000000000000000     
           0   0.0000000000000000     
           0   0.0000000000000000     
           0   0.0000000000000000     
           0   0.0000000000000000     
           0   0.0000000000000000     
           0   0.0000000000000000     
           0   0.0000000000000000     
           0   0.0000000000000000     
           0   0.0000000000000000     
           0   0.0000000000000000     
           0   0.0000000000000000     
           0   0.0000000000000000     
           0   0.0000000000000000     
           0   0.0000000000000000     
           0   0.0000000000000000     
           0   0.0000000000000000     
           0   0.0000000000000000     
           0   0.0000000000000000     
           0   0.0000000000000000     
           0   0.0000000000000000     
           0   0.0000000000000000     
           0   0.0000000000000000     
           0   0.0000000000000000     
           0   0.0000000000000000     
           0   0.0000000000000000     
           0   0.0000000000000000     
           0   0.0000000000000000     
           0   0.0000000000000000     
           0   0.0000000000000000     
           0   0.0000000000000000     
           0   0.0000000000000000     
           0   0.0000000000000000     
           0   0.0000000000000000     
           0   0.0000000000000000     
           0   0.0000000000000000     
           0   0.0000000000000000     
           0   0.0000000000000000     
           0   0.0000000000000000     
           0   0.0000000000000000     
           0   0.0000000000000000     
           0   0.0000000000000000     
           0   0.0000000000000000     
           0   0.0000000000000000     
           0   0.0000000000000000     
           0   0.0000000000000000     
           0   0.0000000000000000     
           0   0.0000000000000000     
           0   0.0000000000000000     
           0   0.0000000000000000     
           0   0.0000000000000000     
           0   0.0000000000000000     
           0   0.0000000000000000     
           0   0.0000000000000000     
           0   0.0000000000000000     
           0   0.0000000000000000     
           0   0.0000000000000000     
           0   0.0000000000000000     
           0   0.0000000000000000     
           0   0.0000000000000000     
           0   0.0000000000000000     
           0   0.0000000000000000     
           0   0.0000000000000000     
           0   0.0000000000000000     
           0  0.21612417605780870     
           0  0.21284791071769732     
           0  0.21612417605780870     
           0  0.21612417605780870     
           0  0.21612417605780870     
           0  0.21612417605780870     
           0  0.21612417605780870     
           0  0.21612417605780870     
           0  0.21612417605780870     
           0  0.21612417605780870     
           0  0.21612417605780870     
           0  0.21612417605780870     
           0  0.21284791071769732     
           0  0.21612417605780870     
           0  0.21612417605780870     
           0  0.21612417605780870     
           0  0.21612417605780870     
           0  0.21612417605780870     
           0  0.21612417605780870     
           0  0.21612417605780870     
           0  0.21612417605780870     
           0  0.21284791071769732     
           0  0.21612417605780870     
           0  0.21612417605780870     
           0  0.21612417605780870     
           0  0.18421745092953401     
           0  0.18589254328947508     
           0  0.18589254517024745     
           0  0.18589254517024745     
           0  0.18589254517024745     
           0  0.18589254517024745     
           0  0.18589254517024745     
           0  0.18589254517024745     
           0  0.18589254517024745     
           0  0.18589254517024745     
           0  0.18589254517024745     
           0  0.18589254517024745     
           0  0.18589254517024745     
           0  0.18589254517024745     
           0  0.18589254517024745     
           0  0.18589254517024745     
           0  0.18589254517024745     
           0  0.18589254517024745     
           0  0.18589254517024745     
           0  0.18589254517024745     
           0  0.18589254517024745     
           0  0.18589254517024745     
           0  0.18589254517024745     
           0  0.18589254517024745     
           0  0.18589254517024745     
           0  0.18589254517024745     
           0  0.18589254517024745     
           0  0.18589254517024745     
           0  0.18589254517024745     
           0  0.18589254517024745     
           0  0.18589254517024745     
           0  0.18589254517024745     
           0  0.18589254517024745     
           0  0.18589254517024745     
           0  0.18589254517024745     
           0  0.18589254517024745     
           0  0.18589254517024745     
           0  0.21612417605780870     
           0  0.18421745092953401     
           0  0.18589254328947508     
           0  0.18589254517024745     
           0  0.18589254517024745     
           0  0.18589254517024745     
           0  0.18589254517024745     
           0  0.18589254517024745     
           0  0.18589254517024745     
           0  0.18589254517024745     
           0  0.18589254517024745     
           0  0.18589254517024745     
           0  0.18589254517024745     
           0  0.18589254517024745     
           0  0.18589254517024745     
           0  0.18589254517024745     
           0  0.18589254517024745     
           0  0.18589254517024745     
           0  0.18589254517024745     
           0  0.18589254517024745     
           0  0.18589254517024745     
           0  0.18589254517024745     
           0  0.18589254517024745     
           0  0.18589254517024745     
           0  0.18589254517024745     
           0  0.18589254517024745     
           0  0.18589254517024745     
           0  0.18589254517024745     
           0  0.18589254517024745     
           0  0.18589254517024745     
           0  0.18589254517024745     
           0  0.18589254517024745     
           0  0.18589254517024745     
           0  0.18589254517024745     
           0  0.18589254517024745     
           0  0.18589254517024745     
           0  0.18589254517024745     
           0  0.18589254517024745     
           0  0.18589254517024745     
           0  0.18589254517024745     
           0  0.21612417605780870     
           0  -1.8415902207131331E-002
           0  -1.8415902208068050E-002
           0  -1.8415902206746184E-002
           0  -1.8415902206746163E-002
           0  -1.8415902206746163E-002
           0  -1.8319189945971117E-002
           0  -1.8319189945971117E-002
           0  -1.8319189945971117E-002
           0  -1.8319189945971117E-002
           0  -1.8319189945971117E-002
           0  -1.8319189945971117E-002
           0  -1.8319189945971117E-002
           0  -1.8319189945971117E-002
           0  -1.8319189945971117E-002
           0  -1.8319189945971117E-002
           0  -1.8319189945971117E-002
           0  -1.8319189945971117E-002
           0  -1.8319189945971117E-002
           0  -1.8319189945971117E-002
           0  -1.7992567776847688E-002
           0  -1.7917789855810912E-002
           0  -1.7928795728819232E-002
           0  -1.7927730508380899E-002
           0  -1.7934174524103907E-002
           0  -1.7941111009044108E-002
           0  -1.7939615742513338E-002
           0  -1.7938007172339742E-002
           0  -1.7936634406418694E-002
           0  -1.7926351402099801E-002
           0  -1.7915558744332143E-002
           0  -1.7913672379787641E-002
           0  -1.7920257738330687E-002
           0  -1.7944854500460402E-002
           0  -1.7943567152128619E-002
           0  -1.7934231867160633E-002
           0  -1.7928702606086425E-002
           0  -1.7942578549186849E-002
           0  -1.7943468694161559E-002
           0  -1.7939040979661341E-002
           0  0.21612417605780870     
           0  -1.8415902207131331E-002
           0  -1.8415902208068050E-002
           0  -1.8415902206746184E-002
           0  -1.8415902206746163E-002
           0  -1.8415902206746163E-002
           0  -1.8319189945971117E-002
           0  -1.8319189945971117E-002
           0  -1.8319189945971117E-002
           0  -1.8319189945971117E-002
           0  -1.8319189945971117E-002
           0  -1.8319189945971117E-002
           0  -1.8319189945971117E-002
           0  -1.8319189945971117E-002
           0  -1.8319189945971117E-002
           0  -1.8319189945971117E-002
           0  -1.8319189945971117E-002
           0  -1.8319189945971117E-002
           0  -1.8319189945971117E-002
           0  -1.8319189945971117E-002
           0  -1.7992567776847688E-002
           0  -1.7917789855810912E-002
           0  -1.7928795728819232E-002
           0  -1.7927730508380899E-002
           0  -1.7934174524103907E-002
           0  -1.7941111009044108E-002
           0  -1.7939615742513338E-002
           0  -1.7938007172339742E-002
           0  -1.7936634406418694E-002
           0  -1.7926351402099801E-002
           0  -1.7915558744332143E-002
           0  -1.7913672379787641E-002
           0  -1.7920257738330687E-002
           0  -1.7944854500460402E-002
           0  -1.7943567152128619E-002
           0  -1.7934231867160633E-002
           0  -1.7928702606086425E-002
           0  -1.7942578549186849E-002
           0  -1.7943468694161559E-002
           0  -1.7939040979661341E-002
           0  0.21612417605780870     
           0  -3.0577369846879338E-003
           0  -2.9022692056168502E-003
           0  -3.2083463513414671E-003
           0  -2.8265383556033649E-003
           0  -3.0886457076784572E-003
           0  -2.7661684495791199E-003
           0  -2.7231487120793958E-003
           0  -1.8760636306451167E-003
           0  -1.1137809638117374E-003
           0  -7.4611580082407198E-004
           0  -7.3317122792522537E-004
           0  -8.8137467064698118E-004
           0  -7.1799856225530803E-004
           0  -6.9551733354089932E-004
           0  -6.6087616148354476E-004
           0  -6.2434915245986738E-004
           0  -5.9013031022251447E-004
           0  -5.5797285618980211E-004
           0  -5.3046270544371363E-004
           0  -5.7375449154534934E-004
           0  -7.0107582067596241E-004
           0  -8.2718403749476740E-004
           0  -8.8046391855546818E-004
           0  -1.8127867957993496E-003
           0  -1.7666949786182102E-003
           0  -1.2439945262342632E-003
           0  -1.3553276207882194E-003
           0  -1.3828513833510736E-003
           0  -1.5988388891507029E-003
           0  -1.6334023715563288E-003
           0  -1.7495947212878213E-003
           0  -1.4821433366219718E-003
           0  -1.4548392331651052E-003
           0  -3.0610515578545637E-003
           0  -2.6788985519651939E-003
           0  -2.6082883483138325E-003
           0  -2.4578216608807817E-003
           0  -2.6012882213180986E-003
           0  -2.4775988751355002E-003
           0  0.21612417605780870     
           0  -1.4581473664832130E-002
           0  -1.3139397842613070E-002
           0  -1.3139397842504601E-002
           0  -1.3139397842504601E-002
           0  -1.3139397842504601E-002
           0  -1.3042549315997782E-002
           0  -1.3042549315997782E-002
           0  -1.3042549315997782E-002
           0  -1.3042549315997782E-002
           0  -1.3042549315997782E-002
           0  -1.3042549315997782E-002
           0  -1.3042549315997782E-002
           0  -1.3042549315997782E-002
           0  -1.3042549315997782E-002
           0  -1.3042549315997782E-002
           0  -1.3042549315997782E-002
           0  -1.3042549315997782E-002
           0  -1.3042549315997782E-002
           0  -1.3042549315997782E-002
           0  -1.2716890768119314E-002
           0  -1.2658727114962520E-002
           0  -1.2654668578571867E-002
           0  -1.2657840396950932E-002
           0  -1.2660047445485725E-002
           0  -1.2654965394709830E-002
           0  -1.2670602010386943E-002
           0  -1.2663877327602931E-002
           0  -1.2648050283261877E-002
           0  -1.2669733397163050E-002
           0  -1.2666188490634066E-002
           0  -1.2665609291347689E-002
           0  -1.2659707854961478E-002
           0  -1.2676999242094734E-002
           0  -1.2671109341788864E-002
           0  -1.2631853748275633E-002
           0  -1.2647910513826941E-002
           0  -1.2659841118478021E-002
           0  -1.2670451579243435E-002
           0  -1.2661151951161256E-002
           0  0.21612417605780870     
           0  -1.4581473664832130E-002
           0  -1.3139397842613070E-002
           0  -1.3139397842504601E-002
           0  -1.3139397842504601E-002
           0  -1.3139397842504601E-002
           0  -1.3042549315997782E-002
           0  -1.3042549315997782E-002
           0  -1.3042549315997782E-002
           0  -1.3042549315997782E-002
           0  -1.3042549315997782E-002
           0  -1.3042549315997782E-002
           0  -1.3042549315997782E-002
           0  -1.3042549315997782E-002
           0  -1.3042549315997782E-002
           0  -1.3042549315997782E-002
           0  -1.3042549315997782E-002
           0  -1.3042549315997782E-002
           0  -1.3042549315997782E-002
           0  -1.3042549315997782E-002
           0  -1.2716890768119314E-002
           0  -1.2658727114962520E-002
           0  -1.2654668578571867E-002
           0  -1.2657840396950932E-002
           0  -1.2660047445485725E-002
           0  -1.2654965394709830E-002
           0  -1.2670602010386943E-002
           0  -1.2663877327602931E-002
           0  -1.2648050283261877E-002
           0  -1.2669733397163050E-002
           0  -1.2666188490634066E-002
           0  -1.2665609291347689E-002
           0  -1.2659707854961478E-002
           0  -1.2676999242094734E-002
           0  -1.2671109341788864E-002
           0  -1.2631853748275633E-002
           0  -1.2647910513826941E-002
           0  -1.2659841118478021E-002
           0  -1.2670451579243435E-002
           0  -1.2661151951161256E-002
           0  0.21612417605780870     
           0  -1.4581473664832130E-002
           0  -1.3139397842613070E-002
           0  -1.3139397842504601E-002
           0  -1.3139397842504601E-002
           0  -1.3139397842504601E-002
           0  -1.3042549315997782E-002
           0  -1.3042549315997782E-002
           0  -1.3042549315997782E-002
           0  0.21612417605780870     
           0  -1.6580419252191093E-002
           0  -1.3267842959675723E-002
           0  -1.3249227332666324E-002
           0  -1.3235280523691113E-002
           0  -1.3234360651946475E-002
           0  -1.3222712430730227E-002
           0  -1.3152755423858334E-002
           0  -1.3149707765362628E-002
           0  -1.3147600051229964E-002
           0  -1.3146943306546345E-002
           0  -1.3146871819350585E-002
           0  -1.3146808734058574E-002
           0  -1.3146777949126727E-002
           0  -1.3146764795756322E-002
           0  -1.3146758992705135E-002
           0  -1.3146756318132582E-002
           0  -1.3146754853514337E-002
           0  -1.3146754004466382E-002
           0  -1.3146753664804148E-002
           0  -1.3146753575499858E-002
           0  -1.3146753532785490E-002
           0  -1.3146753495024284E-002
           0  -1.3146753471641332E-002
           0  -1.3146753464904388E-002
           0  -1.3146753463037272E-002
           0  -1.3146753462177061E-002
           0  -1.3146753461466787E-002
           0  -1.3146753461000183E-002
           0  -1.3146753460846251E-002
           0  -1.3146753460808180E-002
           0  -1.3146753460791239E-002
           0  -1.3146753460777316E-002
           0  -1.3146753460766892E-002
           0  -1.3146753460763327E-002
           0  -1.3146753460762651E-002
           0  -1.3146753460762396E-002
           0  -1.3146753460762174E-002
           0  -1.3146753460761785E-002
           0  -1.3146753460761473E-002
           0  0.21612417605780870     
           0  -1.6580419252191093E-002
           0  -1.3267842959675723E-002
           0  -1.3249227332666324E-002
           0  -1.3235280523691113E-002
           0  -1.3234360651946475E-002
           0  -1.3222712430730227E-002
           0  -1.3152755423858334E-002
           0  -1.3149707765362628E-002
           0  -1.3147600051229964E-002
           0  -1.3146943306546345E-002
           0  -1.3146871819350585E-002
           0  -1.3146808734058574E-002
           0  -1.3146777949126727E-002
           0  -1.3146764795756322E-002
           0  -1.3146758992705135E-002
           0  -1.3146756318132582E-002
           0  -1.3146754853514337E-002
           0  -1.3146754004466382E-002
           0  -1.3146753664804148E-002
           0  -1.3146753575499858E-002
           0  -1.3146753532785490E-002
           0  -1.3146753495024284E-002
           0  -1.3146753471641332E-002
           0  -1.3146753464904388E-002
           0  -1.3146753463037272E-002
           0  -1.3146753462177061E-002
           0  -1.3146753461466787E-002
           0  -1.3146753461000183E-002
           0  -1.3146753460846251E-002
           0  -1.3146753460808180E-002
           0  -1.3146753460791239E-002
           0  -1.3146753460777316E-002
           0  -1.3146753460766892E-002
           0  -1.3146753460763327E-002
           0  -1.3146753460762651E-002
           0  -1.3146753460762396E-002
           0  -1.3146753460762174E-002
           0  -1.3146753460761785E-002
           0  -1.3146753460761473E-002
           0  0.21612417605780870     
           0  -1.6580419252191093E-002
           0  -1.3267842959675723E-002
           0  -1.3249227332666324E-002
           0  -1.3235280523691113E-002
           0  -1.3234360651946475E-002
           0  -1.3222712430730227E-002
           0  -1.3152755423858334E-002
           0  -1.3149707765362628E-002
           0  -1.3147600051229964E-002
           0  -1.3146943306546345E-002
           0  -1.3146871819350585E-002
           0  -1.3146808734058574E-002
           0  -1.3146777949126727E-002
           0  -1.3146764795756322E-002
           0  -1.3146758992705135E-002
           0  -1.3146756318132582E-002
           0  -1.3146754853514337E-002
           0  -1.3146754004466382E-002
           0  -1.3146753664804148E-002
           0  -1.3146753575499858E-002
           0  -1.3146753532785490E-002
           0  -1.3146753495024284E-002
           0  -1.3146753471641332E-002
           0  -1.3146753464904388E-002
           0  -1.3146753463037272E-002
           0  -1.3146753462177061E-002
           0  -1.3146753461466787E-002
           0  -1.3146753461000183E-002
           0  -1.3146753460846251E-002
           0  -1.3146753460808180E-002
           0  -1.3146753460791239E-002
           0  -1.3146753460777316E-002
           0  -1.3146753460766892E-002
           0  -1.3146753460763327E-002
           0  -1.3146753460762651E-002
           0  -1.3146753460762396E-002
           0  -1.3146753460762174E-002
           0  -1.3146753460761785E-002
           0  -1.3146753460761473E-002
           0  0.21612417605780870     
           0  -1.3227382497420056E-002
           0  -1.3228511231850690E-002
           0  -1.3227103537299049E-002
           0  -1.3211466915982578E-002
           0  -1.3158631657872684E-002
           0  -1.3032005352767134E-002
           0  -1.3032006106833288E-002
           0  -1.3008532061241036E-002
           0  -1.2998359880981506E-002
           0  -1.2995516612398670E-002
           0  -1.2995071827504152E-002
           0  -1.2994819152189530E-002
           0  -1.2994596654230127E-002
           0  -1.2994482022556833E-002
           0  -1.2994452673219668E-002
           0  -1.2994445796888595E-002
           0  -1.2994442589938352E-002
           0  -1.2994439965709504E-002
           0  -1.2994438644517742E-002
           0  -1.2994438304621953E-002
           0  -1.2994438218451138E-002
           0  -1.2994438172223793E-002
           0  -1.2994438137241777E-002
           0  -1.2994438121562592E-002
           0  -1.2994438117538322E-002
           0  -1.2994438116481167E-002
           0  -1.2994438115839880E-002
           0  -1.2994438115368646E-002
           0  -1.2994438115176367E-002
           0  -1.2994438115127172E-002
           0  -1.2994438115113806E-002
           0  -1.2994438115105278E-002
           0  -1.2994438115098783E-002
           0  -1.2994438115096563E-002
           0  -1.2994438115096020E-002
           0  -1.2994438115095553E-002
           0  -1.2994438115095576E-002
           0  -1.2994438115095576E-002
           0  -1.2994438115095487E-002
           0  0.21612417605780870     
           0  -1.3227382497420056E-002
           0  -1.3228511231850690E-002
           0  -1.3227103537299049E-002
           0  -1.3211466915982578E-002
           0  -1.3158631657872684E-002
           0  -1.3032005352767134E-002
           0  -1.3032006106833288E-002
           0  -1.3008532061241036E-002
           0  -1.2998359880981506E-002
           0  -1.2995516612398670E-002
           0  -1.2995071827504152E-002
           0  -1.2994819152189530E-002
           0  -1.2994596654230127E-002
           0  -1.2994482022556833E-002
           0  -1.2994452673219668E-002
           0  -1.2994445796888595E-002
           0  -1.2994442589938352E-002
           0  -1.2994439965709504E-002
           0  -1.2994438644517742E-002
           0  -1.2994438304621953E-002
           0  -1.2994438218451138E-002
           0  -1.2994438172223793E-002
           0  -1.2994438137241777E-002
           0  -1.2994438121562592E-002
           0  -1.2994438117538322E-002
           0  -1.2994438116481167E-002
           0  -1.2994438115839880E-002
           0  -1.2994438115368646E-002
           0  -1.2994438115176367E-002
           0  -1.2994438115127172E-002
           0  -1.2994438115113806E-002
           0  -1.2994438115105278E-002
           0  -1.2994438115098783E-002
           0  -1.2994438115096563E-002
           0  -1.2994438115096020E-002
           0  -1.2994438115095553E-002
           0  -1.2994438115095576E-002
           0  -1.2994438115095576E-002
           0  -1.2994438115095487E-002
           0  0.57485227753117418     
           0  0.18304846626914173     
           0  0.18610810673858613     
           0  0.18611794555203670     
           0  0.18611789847308052     
           0  0.18611809255123365     
           0  0.18611809255123365     
           0  0.18617619021726409     
           0  0.18621338448667668     
           0  0.18621338448667668     
           0  0.18621338448667668     
           0  0.18621338448667668     
           0  0.18621338448667668     
           0  0.18621338448667668     
           0  0.18621338448667668     
           0  0.18621338448667668     
           0  0.18621338448667668     
           0  0.18621338448667668     
           0  0.18621338448667668     
           0  0.18621338448667668     
           0  0.18621338448667668     
           0  0.18621338448667668     
           0  0.18621338448667668     
           0  0.18621338448667668     
           0  0.18621338448667668     
           0  0.18621338448667668     
           0  0.18621338448667668     
           0  0.18621338448667668     
           0  0.18621338448667668     
           0  0.18621338448667668     
           0  0.18621338448667668     
           0  0.18621338448667668     
           0  0.18621338448667668     
           0  0.18621338448667668     
           0  0.18621338448667668     
           0  0.18621338448667668     
           0  0.18621338448667668     
           0  0.18621338448667668     
           0  0.18621338448667668     
           0  0.18621338448667668     
           0  0.57485227753117418     
           0  0.46602454899535972     
           0  0.48445871214990116     
           0  0.50209465726981006     
           0  0.45094054442630033     
           0  0.36806670501968652     
           0  0.33143689354653932     
           0  0.31532813184123032     
           0  0.31336306134404474     
           0  0.29788600940851045     
           0  0.30475146727486757     
           0  0.31045410079723079     
           0  0.30309867201609003     
           0  0.30363600270534091     
           0  0.29732754980174081     
           0  0.30544631869671274     
           0  0.29962640165178833     
           0  0.31864112887096746     
           0  0.31592106027540734     
           0  0.30888232873744570     
           0  0.30708695839149863     
           0  0.30945225970749779     
           0  0.30488392909308720     
           0  0.30452733620521572     
           0  0.29933415940266189     
           0  0.30154099733959416     
           0  0.30395364718358625     
           0  0.29915924845644465     
           0  0.30267337174257508     
           0  0.30132981307675150     
           0  0.30375313789075337     
           0  0.30575301019275408     
           0  0.30440664554194963     
           0  0.30584842828299780     
           0  0.29926721856898514     
           0  0.30233432424412310     
           0  0.30170791863111890     
           0  0.29881474163727401     
           0  0.29873736241962129     
           0  0.29840084690068697     
           0  0.57485227753117418     
           0  0.70023060485033040     
           0  0.80170799695532158     
           0  0.93874826776997033     
           0   1.1053226494129043     
           0   1.3027938718429100     
           0   1.5274497297352181     
           0   1.7686948752120635     
           0   2.0288263643285407     
           0   2.2911154181198943     
           0   2.5537227705859942     
           0   4.8643829321351006     
           0   8.0468508825372140     
           0   10.496938227137319     
           0   11.876729013135552     
           0   11.724529581383647     
           0   12.107450835765341     
           0   12.783669716468101     
           0   13.191033032508930     
           0   13.928745466159114     
           0   14.050443472058390     
           0   14.163429567281769     
           0   14.252820512824037     
           0   14.329271288743291     
           0   14.397442862277519     
           0   14.460577880242797     
           0   14.520159466744236     
           0   14.577620660306478     
           0   14.634798013226186     
           0   14.693006407987452     
           0   14.752370449867012     
           0   14.811726679640456     
           0   14.869929127784212     
           0   14.926495584173381     
           0   14.982907802981597     
           0   15.040418958751490     
           0   15.097279614410963     
           0   15.149001798015664     
           0   15.199981973455278     
           0   15.254696509320459     
