   5.1515168380768743E-062
   0.0000000000000000     
   1.8301996115900204E-076
   0.0000000000000000     
   1.2639200642601372E-076
   0.0000000000000000     
   1.1755321645054458E-047
   0.0000000000000000     
   1.1994370401478447E-071
   0.0000000000000000     
   1.4325807025089794E-153
   0.0000000000000000     
   4.4672844474582676E-033
   0.0000000000000000     
   2.4444231889394427E-154
   0.0000000000000000     
   1.7280727310516761E+045
   0.0000000000000000     
   4.4623080495044636E-086
   0.0000000000000000     
   2.7401278200682453E-057
   0.0000000000000000     
   1.8809631192010528E-153
   0.0000000000000000     
   5.5167540645140622E-048
   0.0000000000000000     
   2.0039324136485164E-076
   0.0000000000000000     
   1.1779398231568949E-047
   0.0000000000000000     
   2.4440590121459277E-154
   0.0000000000000000     
   1.3037115335314513E-076
   0.0000000000000000     
   1.3126321514563691E-071
   0.0000000000000000     
   1.2819617418464613E-153
   0.0000000000000000     
   4.5633520063891471E-072
   0.0000000000000000     
   1.6581430397563695E-076
   0.0000000000000000     
   7.1245736266250747E-067
   0.0000000000000000     
   6.0134700169990910E-154
   0.0000000000000000     
   4.9122693763009295E-062
   0.0000000000000000     
   4.0133592054186157E-057
   0.0000000000000000     
   6.0134700187413858E-154
   0.0000000000000000     
   4.0114825195815436E-057
   0.0000000000000000     
   1.6921746123760294E-052
   0.0000000000000000     
   6.0135614189305136E-154
   0.0000000000000000     
   3.2581657179450395E-086
   0.0000000000000000     
   2.4242385735734280E-052
   0.0000000000000000     
   1.3580018340530455E-153
   0.0000000000000000     
   1.2844693997209105E-057
   0.0000000000000000     
   5.6367552594413353E-062
   0.0000000000000000     
   2.0025777462599886E-076
   0.0000000000000000     
   6.0134700169990976E-154
   0.0000000000000000     
   6.8224858268575507E-038
   0.0000000000000000     
   5.3461945110040869E-038
   0.0000000000000000     
   6.0134700183961266E-154
   0.0000000000000000     
   1.7965714805054471E-052
   0.0000000000000000     
   8.9792107053299914E-067
   0.0000000000000000     
   6.0136012724725775E-154
   0.0000000000000000     
   4.2674753344102521E-086
   0.0000000000000000     
   1.9182441005753586E-076
   0.0000000000000000     
   1.2073817397831595E-153
   0.0000000000000000     
   4.5633520063891471E-072
   0.0000000000000000     
   1.9009874918001067E-052
   0.0000000000000000     
   5.1543915749502153E-062
   0.0000000000000000     
   6.0134700169990976E-154
   0.0000000000000000     
   5.3485217698378812E-038
   0.0000000000000000     
   3.6990847985138092E-057
   0.0000000000000000     
   6.0134700190893755E-154
   0.0000000000000000     
   6.8247817141201113E-038
   0.0000000000000000     
   6.5239847841946324E-038
   0.0000000000000000     
   6.0136014506395673E-154
   0.0000000000000000     
   1.5762944499801798E-052
   0.0000000000000000     
   5.8874530992448528E-062
   0.0000000000000000     
   1.7300414276708640E-153
   0.0000000000000000     
   1.2844693997209105E-057
   0.0000000000000000     
   4.1858473160206449E-062
   0.0000000000000000     
   9.7282571116402295E-072
   0.0000000000000000     
   6.0134700169990990E-154
   0.0000000000000000     
   6.0132947810880577E-067
   0.0000000000000000     
   6.8224500237510338E-038
   0.0000000000000000     
   6.0134700188288946E-154
   0.0000000000000000     
   6.3783799441444023E-067
   0.0000000000000000     
   6.0456433182089160E-154
   0.0000000000000000     
   5.5167536158993800E-048
   0.0000000000000000     
   6.3885620115733896E-067
   0.0000000000000000     
   6.7493119894427130E-067
   0.0000000000000000     
   2.4356600956497989E-154
   0.0000000000000000     
   2.7370042056883712E-057
   0.0000000000000000     
   9.0597585011624263E-043
   0.0000000000000000     
   6.0134705079226434E-154
   0.0000000000000000     
   1.3829220015770870E-047
   0.0000000000000000     
   3.9351642986667248E-062
   0.0000000000000000     
   1.4325807114172443E-153
   0.0000000000000000     
   6.0133448312262975E-154
   0.0000000000000000     
   1.4502934785650696E-047
   0.0000000000000000     
   5.6446822765714905E-038
   0.0000000000000000     
   6.5549091408665440E-260
   0.0000000000000000     
   4.4374956841310019E-038
   0.0000000000000000     
   9.5081878007958774E-043
   0.0000000000000000     
   6.0135728654410898E-154
   0.0000000000000000     
   7.8358798152581365E-067
   0.0000000000000000     
   8.6096119498878950E-043
   0.0000000000000000     
   2.1783464947719943E-076
   0.0000000000000000     
   5.9814224591696926E-154
   0.0000000000000000     
   7.7109610737509832E-043
   0.0000000000000000     
   7.1217041305976103E-067
   0.0000000000000000     
   6.0134700189167386E-154
   0.0000000000000000     
   4.4678277114626998E-086
   0.0000000000000000     
   5.1543840980735107E-062
   0.0000000000000000     
   6.0456319149338683E-154
   0.0000000000000000     
   5.5167536158993800E-048
   0.0000000000000000     
   4.0874883763171291E-033
   0.0000000000000000     
   5.1505895660320843E-062
   0.0000000000000000     
   2.4356600956498012E-154
   0.0000000000000000     
   1.3973699290186219E-076
   0.0000000000000000     
   527.38945488371292     
   657.89800598103966     
   527.38846861958621     
   657.89817115655489     
   2.0045780198754804E-076
   0.0000000000000000     
   2.0052857939666003E-076
   0.0000000000000000     
   1.3582965851824134E-153
   0.0000000000000000     
   6.0133448312262975E-154
   0.0000000000000000     
   5.8855464370503110E-062
   0.0000000000000000     
   4.4241898478644132E-062
   0.0000000000000000     
   6.5549091408646912E-260
   0.0000000000000000     
   6.7719637148087694E-043
   0.0000000000000000     
   4.6599981720806201E-033
   0.0000000000000000     
   6.0136014508162622E-154
   0.0000000000000000     
   5.6204764190440088E-038
   0.0000000000000000     
   3.5372790990116377E-057
   0.0000000000000000     
   9.7326702285631950E-072
   0.0000000000000000     
   5.9814224591696926E-154
   0.0000000000000000     
   6.7492779207083940E-067
   0.0000000000000000     
   1.2571404470720526E-071
   0.0000000000000000     
   6.0134700184826100E-154
   0.0000000000000000     
   4.2636063551228986E-086
   0.0000000000000000     
   2.1106065378647097E-052
   0.0000000000000000     
   6.0383368876619786E-154
   0.0000000000000000     
   5.5167536158993800E-048
   0.0000000000000000     
   6.2358464301593531E-038
   0.0000000000000000     
   3.3103337503740619E-033
   0.0000000000000000     
   2.4356600956497993E-154
   0.0000000000000000     
   1.6544916705373087E-047
   0.0000000000000000     
   1.3980432913238269E-076
   0.0000000000000000     
   6.0134704184903155E-154
   0.0000000000000000     
   7.4089727082203086E-038
   0.0000000000000000     
   1.4497599900951404E-047
   0.0000000000000000     
   1.2819571539157061E-153
   0.0000000000000000     
   2.1486247577476561E-313
   0.0000000000000000     
   0.0000000000000000     
   0.0000000000000000     
   0.0000000000000000     
   0.0000000000000000     
   0.0000000000000000     
   0.0000000000000000     
   0.0000000000000000     
   0.0000000000000000     
   0.0000000000000000     
   0.0000000000000000     
   0.0000000000000000     
   0.0000000000000000     
   0.0000000000000000     
   0.0000000000000000     
   0.0000000000000000     
   0.0000000000000000     
   0.0000000000000000     
   0.0000000000000000     
   0.0000000000000000     
   0.0000000000000000     
   0.0000000000000000     
   0.0000000000000000     
   0.0000000000000000     
   0.0000000000000000     
   0.0000000000000000     
   0.0000000000000000     
   0.0000000000000000     
   0.0000000000000000     
   0.0000000000000000     
   0.0000000000000000     
   0.0000000000000000     
   0.0000000000000000     
   0.0000000000000000     
   0.0000000000000000     
   0.0000000000000000     
   0.0000000000000000     
   0.0000000000000000     
   0.0000000000000000     
   0.0000000000000000     
   0.0000000000000000     
   0.0000000000000000     
   0.0000000000000000     
   0.0000000000000000     
   0.0000000000000000     
   0.0000000000000000     
   0.0000000000000000     
   0.0000000000000000     
   0.0000000000000000     
   0.0000000000000000     
   0.0000000000000000     
   0.0000000000000000     
   0.0000000000000000     
   0.0000000000000000     
   0.0000000000000000     
   0.0000000000000000     
   0.0000000000000000     
   0.0000000000000000     
   0.0000000000000000     
   0.0000000000000000     
   0.0000000000000000     
   0.0000000000000000     
   0.0000000000000000     
   0.0000000000000000     
   0.0000000000000000     
   0.0000000000000000     
   0.0000000000000000     
   0.0000000000000000     
   0.0000000000000000     
   0.0000000000000000     
   0.0000000000000000     
   0.0000000000000000     
   0.0000000000000000     
   0.0000000000000000     
   0.0000000000000000     
   0.0000000000000000     
   0.0000000000000000     
   0.0000000000000000     
   0.0000000000000000     
   0.0000000000000000     
   0.0000000000000000     
   0.0000000000000000     
   0.0000000000000000     
   0.0000000000000000     
   0.0000000000000000     
   0.0000000000000000     
   0.0000000000000000     
   0.0000000000000000     
   0.0000000000000000     
   0.0000000000000000     
   0.0000000000000000     
   0.0000000000000000     
   0.0000000000000000     
   0.0000000000000000     
   0.0000000000000000     
   0.0000000000000000     
   0.0000000000000000     
   0.0000000000000000     
   0.0000000000000000     
   0.0000000000000000     
   0.0000000000000000     
   0.0000000000000000     
   0.0000000000000000     
   0.0000000000000000     
   0.0000000000000000     
   0.0000000000000000     
   0.0000000000000000     
   0.0000000000000000     
   0.0000000000000000     
   0.0000000000000000     
   0.0000000000000000     
   0.0000000000000000     
   0.0000000000000000     
   0.0000000000000000     
   0.0000000000000000     
   0.0000000000000000     
   0.0000000000000000     
   0.0000000000000000     
   0.0000000000000000     
   0.0000000000000000     
   0.0000000000000000     
   0.0000000000000000     
   0.0000000000000000     
   0.0000000000000000     
   0.0000000000000000     
   0.0000000000000000     
   0.0000000000000000     
   0.0000000000000000     
   0.0000000000000000     
   0.0000000000000000     
   0.0000000000000000     
   0.0000000000000000     
   0.0000000000000000     
   0.0000000000000000     
   0.0000000000000000     
   0.0000000000000000     
   0.0000000000000000     
   0.0000000000000000     
   0.0000000000000000     
