   0.0000000000000000     
   35.803702723288673     
   71.606342146367638     
   107.40975944117682     
   143.21348289935037     
   179.01640854224900     
   214.81804825256742     
   250.57360537862687     
   286.23022036555017     
   322.03067117297093     
   357.64246556999097     
   393.34906889410502     
   429.14876548639324     
   464.95250172143915     
   500.75618785092951     
   536.55992052196939     
   572.36235997090853     
   608.16479414494290     
   643.95785815921988     
   679.76109732998566     
