   715.91221650000000     
   291.68322630000000     
   709.49891295335749     
   326.90785782846672     
   703.33658881555493     
   362.17618286495895     
   698.16252553642573     
   397.60376758604610     
   692.44230374635981     
   432.94758849072224     
   686.89657115933699     
   468.31840039353500     
   682.39274602494163     
   503.83562107739817     
   678.98897027997123     
   539.42879705359974     
   667.50379849172543     
   573.18505604834274     
   645.12123142776568     
   601.12593952832412     
   623.60002212676966     
   629.49912141542222     
   592.14256054471366     
   646.39260038688053     
   557.12569866653848     
   653.83824745780032     
   521.72833781059990     
   659.21731548332366     
   486.37043453020846     
   664.84959886340539     
   451.00425660103571     
   670.42998700952762     
   415.46835739732313     
   674.79055328909897     
   380.08046429986211     
   680.22298505661661     
   345.35721745043321     
   688.90858001400193     
   310.86074100000002     
   698.49320560000001     
